<?xml version="1.0" encoding="UTF-8"?>
<testsuite xmlns:xsi="http://www.w3.org/2001/XMLSchema-instance" xsi:noNamespaceSchemaLocation="https://maven.apache.org/surefire/maven-surefire-plugin/xsd/surefire-test-report-3.0.xsd" version="3.0" name="com.mt.TestController" time="1.085" tests="1" errors="0" skipped="0" failures="0">
  <properties>
    <property name="awt.toolkit" value="sun.awt.X11.XToolkit"/>
    <property name="file.encoding.pkg" value="sun.io"/>
    <property name="java.specification.version" value="1.8"/>
    <property name="sun.cpu.isalist" value=""/>
    <property name="sun.jnu.encoding" value="UTF-8"/>
    <property name="java.class.path" value="/home/ec2-user/maven-enterprise-application/MavenEnterpriseApp-web/target/test-classes:/home/ec2-user/maven-enterprise-application/MavenEnterpriseApp-web/target/classes:/home/ec2-user/.m2/repository/junit/junit/4.12/junit-4.12.jar:/home/ec2-user/.m2/repository/org/hamcrest/hamcrest-core/1.3/hamcrest-core-1.3.jar:/home/ec2-user/.m2/repository/org/springframework/spring-test/3.2.3.RELEASE/spring-test-3.2.3.RELEASE.jar:/home/ec2-user/.m2/repository/org/mockito/mockito-core/1.9.5/mockito-core-1.9.5.jar:/home/ec2-user/.m2/repository/org/objenesis/objenesis/1.0/objenesis-1.0.jar:/home/ec2-user/.m2/repository/org/springframework/spring-core/5.0.2.RELEASE/spring-core-5.0.2.RELEASE.jar:/home/ec2-user/.m2/repository/org/springframework/spring-jcl/5.0.2.RELEASE/spring-jcl-5.0.2.RELEASE.jar:/home/ec2-user/.m2/repository/org/springframework/spring-web/5.0.2.RELEASE/spring-web-5.0.2.RELEASE.jar:/home/ec2-user/.m2/repository/org/springframework/spring-beans/5.0.2.RELEASE/spring-beans-5.0.2.RELEASE.jar:/home/ec2-user/.m2/repository/org/springframework/spring-webmvc/5.0.2.RELEASE/spring-webmvc-5.0.2.RELEASE.jar:/home/ec2-user/.m2/repository/org/springframework/spring-aop/5.0.2.RELEASE/spring-aop-5.0.2.RELEASE.jar:/home/ec2-user/.m2/repository/org/springframework/spring-expression/5.0.2.RELEASE/spring-expression-5.0.2.RELEASE.jar:/home/ec2-user/.m2/repository/org/springframework/spring-context/5.0.2.RELEASE/spring-context-5.0.2.RELEASE.jar:/home/ec2-user/.m2/repository/javax/servlet/javax.servlet-api/3.1.0/javax.servlet-api-3.1.0.jar:"/>
    <property name="java.vm.vendor" value="Oracle Corporation"/>
    <property name="sun.arch.data.model" value="64"/>
    <property name="java.vendor.url" value="http://java.oracle.com/"/>
    <property name="user.timezone" value=""/>
    <property name="java.vm.specification.version" value="1.8"/>
    <property name="os.name" value="Linux"/>
    <property name="sun.java.launcher" value="SUN_STANDARD"/>
    <property name="sun.boot.library.path" value="/usr/java/jdk1.8.0_131/jre/lib/amd64"/>
    <property name="sun.java.command" value="/home/ec2-user/maven-enterprise-application/MavenEnterpriseApp-web/target/surefire/surefirebooter-20230423110656995_3.jar /home/ec2-user/maven-enterprise-application/MavenEnterpriseApp-web/target/surefire 2023-04-23T11-06-56_738-jvmRun1 surefire-20230423110656995_1tmp surefire_0-20230423110656995_2tmp"/>
    <property name="surefire.test.class.path" value="/home/ec2-user/maven-enterprise-application/MavenEnterpriseApp-web/target/test-classes:/home/ec2-user/maven-enterprise-application/MavenEnterpriseApp-web/target/classes:/home/ec2-user/.m2/repository/junit/junit/4.12/junit-4.12.jar:/home/ec2-user/.m2/repository/org/hamcrest/hamcrest-core/1.3/hamcrest-core-1.3.jar:/home/ec2-user/.m2/repository/org/springframework/spring-test/3.2.3.RELEASE/spring-test-3.2.3.RELEASE.jar:/home/ec2-user/.m2/repository/org/mockito/mockito-core/1.9.5/mockito-core-1.9.5.jar:/home/ec2-user/.m2/repository/org/objenesis/objenesis/1.0/objenesis-1.0.jar:/home/ec2-user/.m2/repository/org/springframework/spring-core/5.0.2.RELEASE/spring-core-5.0.2.RELEASE.jar:/home/ec2-user/.m2/repository/org/springframework/spring-jcl/5.0.2.RELEASE/spring-jcl-5.0.2.RELEASE.jar:/home/ec2-user/.m2/repository/org/springframework/spring-web/5.0.2.RELEASE/spring-web-5.0.2.RELEASE.jar:/home/ec2-user/.m2/repository/org/springframework/spring-beans/5.0.2.RELEASE/spring-beans-5.0.2.RELEASE.jar:/home/ec2-user/.m2/repository/org/springframework/spring-webmvc/5.0.2.RELEASE/spring-webmvc-5.0.2.RELEASE.jar:/home/ec2-user/.m2/repository/org/springframework/spring-aop/5.0.2.RELEASE/spring-aop-5.0.2.RELEASE.jar:/home/ec2-user/.m2/repository/org/springframework/spring-expression/5.0.2.RELEASE/spring-expression-5.0.2.RELEASE.jar:/home/ec2-user/.m2/repository/org/springframework/spring-context/5.0.2.RELEASE/spring-context-5.0.2.RELEASE.jar:/home/ec2-user/.m2/repository/javax/servlet/javax.servlet-api/3.1.0/javax.servlet-api-3.1.0.jar:"/>
    <property name="sun.cpu.endian" value="little"/>
    <property name="user.home" value="/home/ec2-user"/>
    <property name="user.language" value="en"/>
    <property name="java.specification.vendor" value="Oracle Corporation"/>
    <property name="java.home" value="/usr/java/jdk1.8.0_131/jre"/>
    <property name="basedir" value="/home/ec2-user/maven-enterprise-application/MavenEnterpriseApp-web"/>
    <property name="file.separator" value="/"/>
    <property name="line.separator" value="&#10;"/>
    <property name="java.vm.specification.vendor" value="Oracle Corporation"/>
    <property name="java.specification.name" value="Java Platform API Specification"/>
    <property name="java.awt.graphicsenv" value="sun.awt.X11GraphicsEnvironment"/>
    <property name="surefire.real.class.path" value="/home/ec2-user/maven-enterprise-application/MavenEnterpriseApp-web/target/surefire/surefirebooter-20230423110656995_3.jar"/>
    <property name="sun.boot.class.path" value="/usr/java/jdk1.8.0_131/jre/lib/resources.jar:/usr/java/jdk1.8.0_131/jre/lib/rt.jar:/usr/java/jdk1.8.0_131/jre/lib/sunrsasign.jar:/usr/java/jdk1.8.0_131/jre/lib/jsse.jar:/usr/java/jdk1.8.0_131/jre/lib/jce.jar:/usr/java/jdk1.8.0_131/jre/lib/charsets.jar:/usr/java/jdk1.8.0_131/jre/lib/jfr.jar:/usr/java/jdk1.8.0_131/jre/classes"/>
    <property name="sun.management.compiler" value="HotSpot 64-Bit Tiered Compilers"/>
    <property name="java.runtime.version" value="1.8.0_131-b11"/>
    <property name="user.name" value="ec2-user"/>
    <property name="path.separator" value=":"/>
    <property name="os.version" value="6.1.23-36.46.amzn2023.x86_64"/>
    <property name="java.endorsed.dirs" value="/usr/java/jdk1.8.0_131/jre/lib/endorsed"/>
    <property name="java.runtime.name" value="Java(TM) SE Runtime Environment"/>
    <property name="file.encoding" value="UTF-8"/>
    <property name="java.vm.name" value="Java HotSpot(TM) 64-Bit Server VM"/>
    <property name="localRepository" value="/home/ec2-user/.m2/repository"/>
    <property name="java.vendor.url.bug" value="http://bugreport.sun.com/bugreport/"/>
    <property name="java.io.tmpdir" value="/tmp"/>
    <property name="java.version" value="1.8.0_131"/>
    <property name="user.dir" value="/home/ec2-user/maven-enterprise-application/MavenEnterpriseApp-web"/>
    <property name="os.arch" value="amd64"/>
    <property name="java.vm.specification.name" value="Java Virtual Machine Specification"/>
    <property name="java.awt.printerjob" value="sun.print.PSPrinterJob"/>
    <property name="sun.os.patch.level" value="unknown"/>
    <property name="java.library.path" value="/usr/java/packages/lib/amd64:/usr/lib64:/lib64:/lib:/usr/lib"/>
    <property name="java.vm.info" value="mixed mode"/>
    <property name="java.vendor" value="Oracle Corporation"/>
    <property name="java.vm.version" value="25.131-b11"/>
    <property name="java.ext.dirs" value="/usr/java/jdk1.8.0_131/jre/lib/ext:/usr/java/packages/lib/ext"/>
    <property name="sun.io.unicode.encoding" value="UnicodeLittle"/>
    <property name="java.class.version" value="52.0"/>
  </properties>
  <testcase name="testCreateSignupFormInvalidUser" classname="com.mt.TestController" time="0.883">
    <system-err><![CDATA[Apr 23, 2023 11:06:58 AM org.springframework.web.servlet.handler.AbstractHandlerMethodMapping$MappingRegistry register
INFO: Mapped "{[/],methods=[GET]}" onto public java.lang.String com.mt.HelloWorldController.hello(org.springframework.ui.ModelMap)
Apr 23, 2023 11:06:58 AM org.springframework.web.servlet.mvc.method.annotation.RequestMappingHandlerAdapter initControllerAdviceCache
INFO: Looking for @ControllerAdvice: org.springframework.test.web.servlet.setup.StubWebApplicationContext@1ce92674
Apr 23, 2023 11:06:58 AM org.springframework.mock.web.MockServletContext log
INFO: Initializing Spring FrameworkServlet ''
Apr 23, 2023 11:06:58 AM org.springframework.web.servlet.FrameworkServlet initServletBean
INFO: FrameworkServlet '': initialization started
Apr 23, 2023 11:06:58 AM org.springframework.web.servlet.FrameworkServlet initServletBean
INFO: FrameworkServlet '': initialization completed in 14 ms
]]></system-err>
  </testcase>
</testsuite>